This file contains any messages produced by compilers while
running configure, to aid debugging if configure makes a mistake.

It was created by util-macros configure 1.20.1, which was
generated by GNU Autoconf 2.71.  Invocation command line was

  $ ./configure --libdir=/home/josegasm/aurora-runtime/workdir/lib --prefix=/home/josegasm/aurora-runtime/workdir --host=x86_64-linux-android host_alias=x86_64-linux-android

## --------- ##
## Platform. ##
## --------- ##

hostname = DESKTOP-45MNJFR
uname -m = x86_64
uname -r = 5.10.16.3-microsoft-standard-WSL2
uname -s = Linux
uname -v = #1 SMP Fri Apr 2 22:23:49 UTC 2021

/usr/bin/uname -p = x86_64
/bin/uname -X     = unknown

/bin/arch              = x86_64
/usr/bin/arch -k       = unknown
/usr/convex/getsysinfo = unknown
/usr/bin/hostinfo      = unknown
/bin/machine           = unknown
/usr/bin/oslevel       = unknown
/bin/universe          = unknown

PATH: /bin/
PATH: /bin/
PATH: /home/josegasm/ndk/toolchains/llvm/prebuilt/linux-x86_64/bin/
PATH: /home/josegasm/mingw-llvm/bin/
PATH: /usr/local/sbin/
PATH: /usr/local/bin/
PATH: /usr/sbin/
PATH: /usr/bin/
PATH: /sbin/
PATH: /bin/
PATH: /usr/games/
PATH: /usr/local/games/
PATH: /usr/lib/wsl/lib/
PATH: /mnt/c/Program Files/WindowsApps/CanonicalGroupLimited.Ubuntu_2404.1.68.0_x64__79rhkp1fndgsc/
PATH: /mnt/c/Windows/system32/
PATH: /mnt/c/Windows/
PATH: /mnt/c/Windows/System32/Wbem/
PATH: /mnt/c/Windows/System32/WindowsPowerShell/v1.0/
PATH: /mnt/c/Windows/System32/OpenSSH/
PATH: /mnt/c/Users/Josegasm/AppData/Local/Microsoft/WindowsApps/
PATH: /mnt/c/Users/Josegasm/AppData/Local/Programs/Microsoft VS Code/bin/
PATH: /snap/bin/


## ----------- ##
## Core tests. ##
## ----------- ##

configure:1712: looking for aux files: missing install-sh
configure:1725:  trying ./
configure:1754:   ./missing found
configure:1736:   ./install-sh found
configure:1884: checking for a BSD-compatible install
configure:1957: result: /bin/install -c
configure:1968: checking whether build environment is sane
configure:2023: result: yes
configure:2079: checking for x86_64-linux-android-strip
configure:2114: result: no
configure:2124: checking for strip
configure:2145: found /bin/strip
configure:2156: result: strip
configure:2182: checking for a race-free mkdir -p
configure:2226: result: /bin/mkdir -p
configure:2233: checking for gawk
configure:2254: found /bin/gawk
configure:2265: result: gawk
configure:2276: checking whether make sets $(MAKE)
configure:2299: result: yes
configure:2329: checking whether make supports nested variables
configure:2347: result: yes
configure:2676: checking that generated files are newer than configure
configure:2682: result: done
configure:2690: creating ./config.status

## ---------------------- ##
## Running config.status. ##
## ---------------------- ##

This file was extended by util-macros config.status 1.20.1, which was
generated by GNU Autoconf 2.71.  Invocation command line was

  CONFIG_FILES    = 
  CONFIG_HEADERS  = 
  CONFIG_LINKS    = 
  CONFIG_COMMANDS = 
  $ ./config.status 

on DESKTOP-45MNJFR

config.status:745: creating xorg-macros.pc
config.status:745: creating Makefile
config.status:745: creating xorg-macros.m4

## ---------------- ##
## Cache variables. ##
## ---------------- ##

ac_cv_env_build_alias_set=
ac_cv_env_build_alias_value=
ac_cv_env_host_alias_set=set
ac_cv_env_host_alias_value=x86_64-linux-android
ac_cv_env_target_alias_set=
ac_cv_env_target_alias_value=
ac_cv_path_install='/bin/install -c'
ac_cv_path_mkdir=/bin/mkdir
ac_cv_prog_AWK=gawk
ac_cv_prog_ac_ct_STRIP=strip
ac_cv_prog_make_make_set=yes
am_cv_make_support_nested_variables=yes

## ----------------- ##
## Output variables. ##
## ----------------- ##

ACLOCAL='${SHELL} '\''/home/josegasm/aurora-runtime/deps/xorg-util-macros/missing'\'' aclocal-1.16'
AMTAR='$${TAR-tar}'
AM_BACKSLASH='\'
AM_DEFAULT_V='$(AM_DEFAULT_VERBOSITY)'
AM_DEFAULT_VERBOSITY='1'
AM_V='$(V)'
AUTOCONF='${SHELL} '\''/home/josegasm/aurora-runtime/deps/xorg-util-macros/missing'\'' autoconf'
AUTOHEADER='${SHELL} '\''/home/josegasm/aurora-runtime/deps/xorg-util-macros/missing'\'' autoheader'
AUTOMAKE='${SHELL} '\''/home/josegasm/aurora-runtime/deps/xorg-util-macros/missing'\'' automake-1.16'
AWK='gawk'
CHANGELOG_CMD='((GIT_DIR=$(top_srcdir)/.git git log > $(top_srcdir)/.changelog.tmp) 2>/dev/null && mv $(top_srcdir)/.changelog.tmp $(top_srcdir)/ChangeLog) || (rm -f $(top_srcdir)/.changelog.tmp; test -e $(top_srcdir)/ChangeLog || ( touch $(top_srcdir)/ChangeLog; echo '\''git failed to create ChangeLog: installing empty ChangeLog.'\'' >&2))'
CSCOPE='cscope'
CTAGS='ctags'
CYGPATH_W='echo'
DEFS='-DPACKAGE_NAME=\"util-macros\" -DPACKAGE_TARNAME=\"util-macros\" -DPACKAGE_VERSION=\"1.20.1\" -DPACKAGE_STRING=\"util-macros\ 1.20.1\" -DPACKAGE_BUGREPORT=\"https://gitlab.freedesktop.org/xorg/util/macros/issues\" -DPACKAGE_URL=\"\" -DPACKAGE=\"util-macros\" -DVERSION=\"1.20.1\" -DPACKAGE_VERSION_MAJOR=1 -DPACKAGE_VERSION_MINOR=20 -DPACKAGE_VERSION_PATCHLEVEL=1'
ECHO_C=''
ECHO_N='-n'
ECHO_T=''
ETAGS='etags'
INSTALL_DATA='${INSTALL} -m 644'
INSTALL_PROGRAM='${INSTALL}'
INSTALL_SCRIPT='${INSTALL}'
INSTALL_STRIP_PROGRAM='$(install_sh) -c -s'
LIBOBJS=''
LIBS=''
LTLIBOBJS=''
MAKEINFO='${SHELL} '\''/home/josegasm/aurora-runtime/deps/xorg-util-macros/missing'\'' makeinfo'
MKDIR_P='/bin/mkdir -p'
PACKAGE='util-macros'
PACKAGE_BUGREPORT='https://gitlab.freedesktop.org/xorg/util/macros/issues'
PACKAGE_NAME='util-macros'
PACKAGE_STRING='util-macros 1.20.1'
PACKAGE_TARNAME='util-macros'
PACKAGE_URL=''
PACKAGE_VERSION='1.20.1'
PATH_SEPARATOR=':'
SET_MAKE=''
SHELL='/bin/bash'
STRIP='strip'
VERSION='1.20.1'
am__isrc=''
am__leading_dot='.'
am__tar='$${TAR-tar} chof - "$$tardir"'
am__untar='$${TAR-tar} xf -'
bindir='${exec_prefix}/bin'
build_alias=''
datadir='${datarootdir}'
datarootdir='${prefix}/share'
docdir='${datarootdir}/doc/${PACKAGE_TARNAME}'
dvidir='${docdir}'
exec_prefix='${prefix}'
host_alias='x86_64-linux-android'
htmldir='${docdir}'
includedir='${prefix}/include'
infodir='${datarootdir}/info'
install_sh='${SHELL} /home/josegasm/aurora-runtime/deps/xorg-util-macros/install-sh'
libdir='/home/josegasm/aurora-runtime/workdir/lib'
libexecdir='${exec_prefix}/libexec'
localedir='${datarootdir}/locale'
localstatedir='${prefix}/var'
mandir='${datarootdir}/man'
mkdir_p='$(MKDIR_P)'
oldincludedir='/usr/include'
pdfdir='${docdir}'
prefix='/home/josegasm/aurora-runtime/workdir'
program_transform_name='s,x,x,'
psdir='${docdir}'
runstatedir='${localstatedir}/run'
sbindir='${exec_prefix}/sbin'
sharedstatedir='${prefix}/com'
sysconfdir='${prefix}/etc'
target_alias=''

## ----------- ##
## confdefs.h. ##
## ----------- ##

/* confdefs.h */
#define PACKAGE_NAME "util-macros"
#define PACKAGE_TARNAME "util-macros"
#define PACKAGE_VERSION "1.20.1"
#define PACKAGE_STRING "util-macros 1.20.1"
#define PACKAGE_BUGREPORT "https://gitlab.freedesktop.org/xorg/util/macros/issues"
#define PACKAGE_URL ""
#define PACKAGE "util-macros"
#define VERSION "1.20.1"
#define PACKAGE_VERSION_MAJOR 1
#define PACKAGE_VERSION_MINOR 20
#define PACKAGE_VERSION_PATCHLEVEL 1

configure: exit 0
